[ATM]:[12/17/2020 07:28:15 PM]:WARNING:bitmap "Data/icon.ico" not defined
[ATM]:[12/17/2020 07:28:29 PM]:WARNING:bitmap "Data/icon.ico" not defined
[ATM]:[12/17/2020 07:28:29 PM]:DEBUG:creating entries....
[ATM]:[12/17/2020 07:28:29 PM]:DEBUG:creating buttons ....
[ATM]:[12/17/2020 07:29:03 PM]:INFO:user selected account type as Gold
[ATM]:[12/17/2020 07:29:03 PM]:DEBUG:creating a new account
[ATM]:[12/17/2020 07:29:03 PM]:INFO:checking first name...
[ATM]:[12/17/2020 07:29:03 PM]:INFO:checking last name...
[ATM]:[12/17/2020 07:29:03 PM]:INFO:return full name with no middle name
[ATM]:[12/17/2020 07:29:03 PM]:DEBUG:checking CNIC : 1234567891234
[ATM]:[12/17/2020 07:29:03 PM]:INFO:CNIC checked...
[ATM]:[12/17/2020 07:29:03 PM]:INFO:creating account number using name :fraz shabbir
[ATM]:[12/17/2020 07:29:03 PM]:INFO:creating a new file as 'Data/userdata.csv' in dir '/home/frazshabbir/Desktop/misc/atm-project-GUI' 
[ATM]:[12/17/2020 07:29:03 PM]:INFO:user entered correct information and now prompting user for pin...
[ATM]:[12/17/2020 07:29:03 PM]:DEBUG:creating entries...
[ATM]:[12/17/2020 07:29:03 PM]:DEBUG:creating buttons....
[ATM]:[12/17/2020 07:29:10 PM]:INFO:pin matched successfully
[ATM]:[12/17/2020 07:29:10 PM]:INFO:account no generated successfully
[ATM]:[12/17/2020 07:29:39 PM]:DEBUG:writing data in file
[ATM]:[12/17/2020 07:29:39 PM]:INFO:data written successfully in file : userdata.csv
[ATM]:[12/17/2020 07:29:46 PM]:DEBUG:user selected login
[ATM]:[12/17/2020 07:29:46 PM]:WARNING:no match found with username:frazshabbir
[ATM]:[12/17/2020 07:30:02 PM]:DEBUG:user selected login
[ATM]:[12/17/2020 07:30:02 PM]:WARNING:no match found with username:frazshabbir
[ATM]:[12/17/2020 07:30:10 PM]:WARNING:bitmap "Data/icon.ico" not defined
[ATM]:[12/17/2020 07:30:10 PM]:DEBUG:creating entries....
[ATM]:[12/17/2020 07:30:10 PM]:DEBUG:creating buttons ....
[ATM]:[12/17/2020 07:30:34 PM]:INFO:user selected account type as Gold
[ATM]:[12/17/2020 07:30:34 PM]:DEBUG:creating a new account
[ATM]:[12/17/2020 07:30:34 PM]:INFO:checking first name...
[ATM]:[12/17/2020 07:30:34 PM]:INFO:checking last name...
[ATM]:[12/17/2020 07:30:34 PM]:DEBUG:checking middle name asd
[ATM]:[12/17/2020 07:30:34 PM]:DEBUG:name is cheked, returning full name
[ATM]:[12/17/2020 07:30:34 PM]:DEBUG:checking CNIC : 1234567890123
[ATM]:[12/17/2020 07:30:34 PM]:INFO:CNIC checked...
[ATM]:[12/17/2020 07:30:34 PM]:INFO:creating account number using name :asd asd asd
[ATM]:[12/17/2020 07:30:34 PM]:INFO:user entered correct information and now prompting user for pin...
[ATM]:[12/17/2020 07:30:34 PM]:DEBUG:creating entries...
[ATM]:[12/17/2020 07:30:34 PM]:DEBUG:creating buttons....
[ATM]:[12/17/2020 07:30:40 PM]:INFO:pin matched successfully
[ATM]:[12/17/2020 07:30:40 PM]:INFO:account no generated successfully
[ATM]:[12/17/2020 07:30:45 PM]:DEBUG:writing data in file
[ATM]:[12/17/2020 07:30:45 PM]:INFO:data written successfully in file : userdata.csv
[ATM]:[12/17/2020 07:30:52 PM]:DEBUG:user selected login
[ATM]:[12/17/2020 07:30:52 PM]:DEBUG:username match found in data with name : asd asd asd
[ATM]:[12/17/2020 07:30:52 PM]:DEBUG:user entered correct pin
[ATM]:[12/17/2020 07:31:03 PM]:DEBUG:user selected login
[ATM]:[12/17/2020 07:31:03 PM]:DEBUG:username match found in data with name : asd asd asd
[ATM]:[12/17/2020 07:31:03 PM]:DEBUG:user entered correct pin
